2007-11-05 21:57:20 pages_printed=67 pages_remaining=2933 black_cartridge=99%
2007-11-05 22:35:30 pages_printed=121 pages_remaining=2879 black_cartridge=98%
2007-11-05 22:35:31 pages_printed=121 pages_remaining=2879 black_cartridge=98%
2007-11-05 00:00:00 pages_printed=0 pages_remaining=3000 black_cartridge=100%
2007-11-06 02:00:03 pages_printed=134 pages_remaining=2866 black_cartridge=97%
2007-11-07 02:00:02 pages_printed=280 pages_remaining=2720 black_cartridge=91%
2007-11-08 02:00:06 pages_printed=376 pages_remaining=2624 black_cartridge=88%
2007-11-09 02:00:05 pages_printed=517 pages_remaining=2483 black_cartridge=81%
2007-11-10 02:00:06 pages_printed=583 pages_remaining=2417 black_cartridge=79%
2007-11-11 02:00:03 pages_printed=600 pages_remaining=2400 black_cartridge=78%
2007-11-12 02:00:07 pages_printed=629 pages_remaining=2371 black_cartridge=77%
2007-11-13 02:00:03 pages_printed=875 pages_remaining=1928 black_cartridge=69%
2007-11-14 02:00:04 pages_printed=1078 pages_remaining=1795 black_cartridge=63%
2007-11-15 02:00:03 pages_printed=1336 pages_remaining=1463 black_cartridge=53%
2007-11-16 02:00:03 pages_printed=1432 pages_remaining=1398 black_cartridge=50%
2007-11-17 02:00:03 pages_printed=1491 pages_remaining=1335 black_cartridge=48%
2007-11-18 02:00:03 pages_printed=1567 pages_remaining=1183 black_cartridge=44%
2007-11-19 02:00:07 pages_printed=1650 pages_remaining=1129 black_cartridge=41%
2007-11-20 02:00:05 pages_printed=1757 pages_remaining=1061 black_cartridge=38%
2007-11-21 02:00:07 pages_printed=1882 pages_remaining=912 black_cartridge=33%
2007-11-22 02:00:05 pages_printed=2072 pages_remaining=748 black_cartridge=27%
2007-11-23 02:00:03 pages_printed=2095 pages_remaining=705 black_cartridge=26%
2007-11-24 02:00:03 pages_printed=2115 pages_remaining=692 black_cartridge=25%
2007-11-25 02:00:03 pages_printed=2235 pages_remaining=571 black_cartridge=21%
2007-11-26 02:00:04 pages_printed=2396 pages_remaining=365 black_cartridge=14%
2007-11-27 02:00:06 pages_printed=2742 pages_remaining=101 black_cartridge=4%
2007-11-28 02:00:03 pages_printed=2858 pages_remaining=0 black_cartridge=1%
2007-11-29 02:00:04 pages_printed=3011 pages_remaining=0 black_cartridge=1%
2007-11-30 02:00:03 pages_printed=3312 pages_remaining=0 black_cartridge=1%
2007-12-01 02:00:03 pages_printed=3352 pages_remaining=0 black_cartridge=1%
2007-12-02 02:00:03 pages_printed=3388 pages_remaining=0 black_cartridge=1%
2007-12-03 02:00:05 pages_printed=3508 pages_remaining=0 black_cartridge=1%
2007-12-04 02:00:04 pages_printed=3547 pages_remaining=0 black_cartridge=1%
2007-12-05 02:00:05 pages_printed=3597 pages_remaining=0 black_cartridge=1%
2007-12-06 02:00:02 pages_printed=2 pages_remaining=6998 black_cartridge=100%
2007-12-07 02:00:03 pages_printed=84 pages_remaining=6916 black_cartridge=99%
2007-12-08 02:00:06 pages_printed=245 pages_remaining=6755 black_cartridge=96%
2007-12-09 02:00:03 pages_printed=319 pages_remaining=6681 black_cartridge=95%
2007-12-10 02:00:06 pages_printed=466 pages_remaining=6534 black_cartridge=93%
2007-12-11 02:00:05 pages_printed=634 pages_remaining=6366 black_cartridge=90%
2007-12-12 02:00:03 pages_printed=809 pages_remaining=6191 black_cartridge=87%
2007-12-13 02:00:02 pages_printed=962 pages_remaining=6038 black_cartridge=84%
2007-12-14 02:00:03 pages_printed=1430 pages_remaining=5570 black_cartridge=78%
2007-12-15 02:00:05 pages_printed=1604 pages_remaining=5396 black_cartridge=76%
2007-12-16 02:00:04 pages_printed=1798 pages_remaining=5032 black_cartridge=74%
2007-12-17 02:00:03 pages_printed=1952 pages_remaining=4917 black_cartridge=72%
2007-12-18 02:00:06 pages_printed=2254 pages_remaining=4668 black_cartridge=68%
2007-12-19 02:00:03 pages_printed=2398 pages_remaining=4569 black_cartridge=66%
2007-12-20 02:00:04 pages_printed=3656 pages_remaining=4022 black_cartridge=53%
2007-12-21 02:00:05 pages_printed=3708 pages_remaining=3844 black_cartridge=51%
2007-12-22 02:00:06 pages_printed=3729 pages_remaining=3812 black_cartridge=51%
2007-12-23 02:00:02 pages_printed=3795 pages_remaining=3671 black_cartridge=50%
2007-12-24 02:00:03 pages_printed=3897 pages_remaining=3515 black_cartridge=48%
2007-12-25 02:00:03 pages_printed=3921 pages_remaining=3503 black_cartridge=48%
2007-12-26 02:00:04 pages_printed=3925 pages_remaining=3499 black_cartridge=48%
2007-12-27 02:00:04 pages_printed=3989 pages_remaining=3506 black_cartridge=47%
2007-12-28 02:00:03 pages_printed=4003 pages_remaining=3485 black_cartridge=47%
2007-12-29 02:00:04 pages_printed=4005 pages_remaining=3483 black_cartridge=47%
2007-12-30 02:00:07 pages_printed=4020 pages_remaining=3445 black_cartridge=47%
2007-12-31 02:00:03 pages_printed=4032 pages_remaining=3440 black_cartridge=47%
2008-01-01 02:00:04 pages_printed=4056 pages_remaining=3401 black_cartridge=46%
2008-01-02 02:00:05 pages_printed=4127 pages_remaining=3215 black_cartridge=44%
2008-01-03 02:00:05 pages_printed=4127 pages_remaining=3215 black_cartridge=44%
2008-01-04 02:00:02 pages_printed=4145 pages_remaining=3199 black_cartridge=44%
2008-01-05 02:00:05 pages_printed=4148 pages_remaining=3193 black_cartridge=44%
2008-01-06 02:00:04 pages_printed=4257 pages_remaining=2937 black_cartridge=41%
2008-01-07 02:00:04 pages_printed=4313 pages_remaining=2791 black_cartridge=40%
2008-01-08 02:00:03 pages_printed=4328 pages_remaining=2760 black_cartridge=39%
2008-01-09 02:00:05 pages_printed=4330 pages_remaining=2758 black_cartridge=39%
2008-01-10 02:00:05 pages_printed=4345 pages_remaining=2751 black_cartridge=39%
2008-01-11 02:00:06 pages_printed=4358 pages_remaining=2742 black_cartridge=39%
2008-01-12 02:00:05 pages_printed=4369 pages_remaining=2681 black_cartridge=39%
2008-01-13 02:00:11 pages_printed= pages_remaining= black_cartridge=
2008-01-14 02:00:04 pages_printed=4403 pages_remaining=2644 black_cartridge=38%
2008-01-15 02:00:04 pages_printed=4411 pages_remaining=2638 black_cartridge=38%
2008-01-16 02:00:04 pages_printed=4416 pages_remaining=2630 black_cartridge=38%
2008-01-17 02:00:05 pages_printed=4459 pages_remaining=2608 black_cartridge=37%
2008-01-18 02:00:05 pages_printed=4477 pages_remaining=2583 black_cartridge=37%
2008-01-19 02:00:04 pages_printed=4712 pages_remaining=2498 black_cartridge=35%
2008-01-20 02:00:03 pages_printed=4748 pages_remaining=2454 black_cartridge=35%
2008-01-21 02:00:03 pages_printed=4785 pages_remaining=2388 black_cartridge=34%
2008-01-22 02:00:05 pages_printed=4927 pages_remaining=2141 black_cartridge=31%
2008-01-23 02:00:03 pages_printed=5102 pages_remaining=1918 black_cartridge=28%
2008-01-24 02:00:02 pages_printed=5277 pages_remaining=1692 black_cartridge=25%
2008-01-25 02:00:03 pages_printed=5345 pages_remaining=1595 black_cartridge=23%
2008-01-26 02:00:04 pages_printed=5381 pages_remaining=1479 black_cartridge=22%
2008-01-27 02:00:06 pages_printed=5418 pages_remaining=1435 black_cartridge=21%
2008-01-28 02:00:04 pages_printed=5680 pages_remaining=1183 black_cartridge=18%
2008-01-29 02:00:04 pages_printed=5920 pages_remaining=907 black_cartridge=14%
2008-01-31 02:00:05 pages_printed=6122 pages_remaining=651 black_cartridge=10%
2008-02-01 02:00:05 pages_printed=6231 pages_remaining=490 black_cartridge=8%
2008-02-02 02:00:03 pages_printed=6309 pages_remaining=326 black_cartridge=5%
2008-02-03 02:00:04 pages_printed=6375 pages_remaining=227 black_cartridge=4%
2008-02-04 02:00:05 pages_printed=6485 pages_remaining=111 black_cartridge=2%
2008-02-05 02:00:03 pages_printed=6544 pages_remaining=0 black_cartridge=1%
2008-02-06 02:00:05 pages_printed=6667 pages_remaining=0 black_cartridge=1%
2008-02-07 02:00:03 pages_printed=6814 pages_remaining=0 black_cartridge=1%
2008-02-08 02:00:03 pages_printed=6902 pages_remaining=0 black_cartridge=1%
2008-02-09 02:00:05 pages_printed=6970 pages_remaining=0 black_cartridge=1%
2008-02-10 02:00:04 pages_printed=7066 pages_remaining=0 black_cartridge=1%
2008-02-11 02:00:03 pages_printed=164 pages_remaining=6836 black_cartridge=96%
2008-02-12 02:00:04 pages_printed=330 pages_remaining=6670 black_cartridge=93%
2008-02-13 02:00:04 pages_printed=484 pages_remaining=6516 black_cartridge=90%
2008-02-14 02:00:03 pages_printed=630 pages_remaining=6370 black_cartridge=88%
2008-02-15 02:00:03 pages_printed=714 pages_remaining=6286 black_cartridge=86%
2008-02-16 02:00:05 pages_printed=881 pages_remaining=6119 black_cartridge=84%
2008-02-17 02:00:05 pages_printed=904 pages_remaining=6096 black_cartridge=84%
2008-02-18 02:00:04 pages_printed=954 pages_remaining=6046 black_cartridge=83%
2008-02-19 02:00:06 pages_printed=1314 pages_remaining=5686 black_cartridge=76%
2008-02-20 02:00:04 pages_printed=1489 pages_remaining=3735 black_cartridge=72%
2008-02-21 02:00:03 pages_printed=1692 pages_remaining=3666 black_cartridge=69%
2008-02-22 02:00:04 pages_printed=1808 pages_remaining=3489 black_cartridge=66%
2008-02-23 02:00:06 pages_printed=1826 pages_remaining=3504 black_cartridge=66%
2008-02-24 02:00:06 pages_printed=1890 pages_remaining=3448 black_cartridge=65%
2008-02-25 02:00:06 pages_printed=2192 pages_remaining=3159 black_cartridge=60%
2008-02-26 02:00:06 pages_printed=2319 pages_remaining=3069 black_cartridge=57%
2008-02-27 02:00:04 pages_printed=2422 pages_remaining=3007 black_cartridge=56%
2008-02-28 02:00:05 pages_printed=2523 pages_remaining=2980 black_cartridge=55%
2008-02-29 02:00:06 pages_printed=2745 pages_remaining=2837 black_cartridge=51%
2008-03-01 02:00:05 pages_printed=2894 pages_remaining=2732 black_cartridge=49%
2008-03-02 02:00:05 pages_printed=2925 pages_remaining=2719 black_cartridge=49%
2008-03-03 02:00:07 pages_printed=3007 pages_remaining=2645 black_cartridge=47%
2008-03-04 02:00:04 pages_printed=3069 pages_remaining=2592 black_cartridge=46%
2008-03-05 02:00:05 pages_printed=3179 pages_remaining=2461 black_cartridge=44%
2008-03-06 02:00:05 pages_printed=3356 pages_remaining=2401 black_cartridge=42%
2008-03-07 02:00:05 pages_printed=3478 pages_remaining=2265 black_cartridge=40%
2008-03-08 02:00:06 pages_printed=3606 pages_remaining=2153 black_cartridge=38%
2008-03-09 02:00:04 pages_printed=3631 pages_remaining=2136 black_cartridge=38%
2008-03-10 02:00:05 pages_printed=3868 pages_remaining=1952 black_cartridge=34%
2008-03-11 02:00:06 pages_printed=4123 pages_remaining=1635 black_cartridge=29%
2008-03-12 03:00:04 pages_printed=4272 pages_remaining=1460 black_cartridge=26%
2008-03-13 03:00:04 pages_printed=4372 pages_remaining=1337 black_cartridge=24%
2008-03-14 03:00:06 pages_printed=4541 pages_remaining=1137 black_cartridge=21%
2008-03-15 03:00:04 pages_printed=4583 pages_remaining=1068 black_cartridge=19%
2008-03-16 03:00:04 pages_printed=4642 pages_remaining=985 black_cartridge=18%
2008-03-17 03:00:06 pages_printed=4804 pages_remaining=849 black_cartridge=16%
2008-03-18 03:00:05 pages_printed=4972 pages_remaining=693 black_cartridge=13%
2008-03-19 03:00:06 pages_printed=5139 pages_remaining=553 black_cartridge=10%
2008-03-20 03:00:05 pages_printed=5234 pages_remaining=499 black_cartridge=9%
2008-03-21 03:00:05 pages_printed=5447 pages_remaining=301 black_cartridge=6%
2008-03-22 03:00:04 pages_printed=5556 pages_remaining=195 black_cartridge=4%
2008-03-23 03:00:04 pages_printed=5576 pages_remaining=178 black_cartridge=4%
2008-03-24 03:00:05 pages_printed=5620 pages_remaining=133 black_cartridge=3%
2008-03-25 03:00:03 pages_printed=5687 pages_remaining=0 black_cartridge=1%
2008-03-26 03:00:05 pages_printed=5759 pages_remaining=0 black_cartridge=1%
2008-03-27 03:00:04 pages_printed=5780 pages_remaining=0 black_cartridge=1%
2008-03-28 03:00:05 pages_printed=5806 pages_remaining=0 black_cartridge=1%
2008-03-29 03:00:03 pages_printed=5856 pages_remaining=0 black_cartridge=1%
2008-03-30 03:00:05 pages_printed=5888 pages_remaining=0 black_cartridge=1%
2008-03-31 03:00:05 pages_printed=6029 pages_remaining=0 black_cartridge=1%
2008-04-01 03:00:04 pages_printed=6119 pages_remaining=0 black_cartridge=1%
2008-04-02 03:00:06 pages_printed=6278 pages_remaining=0 black_cartridge=1%
2008-04-03 03:00:07 pages_printed=6461 pages_remaining=0 black_cartridge=1%
2008-04-04 03:00:05 pages_printed=6628 pages_remaining=0 black_cartridge=1%
2008-04-05 03:00:05 pages_printed=6738 pages_remaining=0 black_cartridge=1%
2008-04-07 02:00:07 pages_printed=6848 pages_remaining=0 black_cartridge=1%
2008-04-08 02:00:05 pages_printed=7029 pages_remaining=0 black_cartridge=1%
2008-04-09 02:00:05 pages_printed=162 pages_remaining=6838 black_cartridge=98%
2008-04-10 02:00:05 pages_printed=387 pages_remaining=6613 black_cartridge=96%
2008-04-11 02:00:07 pages_printed=561 pages_remaining=6439 black_cartridge=94%
2008-04-12 02:00:04 pages_printed=793 pages_remaining=6207 black_cartridge=91%
2008-04-13 02:00:05 pages_printed=864 pages_remaining=6136 black_cartridge=90%
2008-04-14 02:00:04 pages_printed=992 pages_remaining=6008 black_cartridge=89%
2008-04-15 02:00:05 pages_printed=1225 pages_remaining=5775 black_cartridge=85%
2008-04-16 02:00:06 pages_printed=1335 pages_remaining=5665 black_cartridge=84%
2008-04-17 02:00:04 pages_printed=1540 pages_remaining=5460 black_cartridge=80%
2008-04-18 02:00:04 pages_printed=1730 pages_remaining=5270 black_cartridge=76%
2008-04-19 02:00:03 pages_printed=1822 pages_remaining=5380 black_cartridge=75%
2008-04-20 02:00:07 pages_printed=1868 pages_remaining=5275 black_cartridge=74%
2008-04-21 02:00:06 pages_printed=1996 pages_remaining=5163 black_cartridge=73%
2008-04-22 02:00:05 pages_printed=2212 pages_remaining=4872 black_cartridge=69%
2008-04-23 02:00:04 pages_printed=2456 pages_remaining=4638 black_cartridge=66%
2008-04-24 02:00:07 pages_printed=2812 pages_remaining=4437 black_cartridge=62%
2008-04-25 02:00:05 pages_printed=3054 pages_remaining=4182 black_cartridge=58%
2008-04-26 02:00:05 pages_printed=3132 pages_remaining=3987 black_cartridge=57%
2008-04-27 02:00:04 pages_printed=3148 pages_remaining=3938 black_cartridge=56%
2008-04-28 02:00:04 pages_printed=3332 pages_remaining=3564 black_cartridge=52%
2008-04-29 02:00:05 pages_printed=3584 pages_remaining=3484 black_cartridge=50%
2008-04-30 02:00:07 pages_printed=3749 pages_remaining=3404 black_cartridge=48%
2008-05-01 02:00:06 pages_printed=3862 pages_remaining=3408 black_cartridge=47%
2008-05-02 02:00:03 pages_printed=3974 pages_remaining=3302 black_cartridge=46%
2008-05-03 02:00:05 pages_printed=4067 pages_remaining=3235 black_cartridge=45%
2008-05-04 02:00:04 pages_printed=4117 pages_remaining=3151 black_cartridge=44%
2008-05-05 02:00:03 pages_printed=4349 pages_remaining=3014 black_cartridge=41%
2008-05-06 02:00:03 pages_printed=4495 pages_remaining=2850 black_cartridge=39%
2008-05-07 02:00:05 pages_printed=4648 pages_remaining=2738 black_cartridge=38%
2008-05-08 02:00:04 pages_printed=4935 pages_remaining=2509 black_cartridge=34%
2008-05-09 02:00:05 pages_printed=5111 pages_remaining=2298 black_cartridge=32%
2008-05-10 02:00:05 pages_printed=5269 pages_remaining=2065 black_cartridge=29%
2008-05-11 02:00:06 pages_printed=5395 pages_remaining=1950 black_cartridge=27%
2008-05-12 02:00:05 pages_printed=5465 pages_remaining=1825 black_cartridge=26%
2008-05-13 02:00:05 pages_printed=5667 pages_remaining=1646 black_cartridge=23%
2008-05-14 02:00:06 pages_printed=5845 pages_remaining=1481 black_cartridge=21%
2008-05-15 02:00:06 pages_printed=5931 pages_remaining=1404 black_cartridge=20%
2008-05-16 02:00:08 pages_printed=6092 pages_remaining=1237 black_cartridge=17%
2008-05-17 02:00:06 pages_printed=6227 pages_remaining=918 black_cartridge=13%
2008-05-18 02:00:05 pages_printed=6297 pages_remaining=860 black_cartridge=13%
2008-05-19 02:00:04 pages_printed=6440 pages_remaining=718 black_cartridge=11%
2008-05-20 02:00:05 pages_printed=6638 pages_remaining=542 black_cartridge=8%
2008-05-21 02:00:08 pages_printed=6711 pages_remaining=452 black_cartridge=7%
2008-05-22 02:00:04 pages_printed=6848 pages_remaining=261 black_cartridge=4%
2008-05-23 02:00:04 pages_printed=6907 pages_remaining=198 black_cartridge=3%
2008-05-24 02:00:05 pages_printed=6954 pages_remaining=155 black_cartridge=3%
2008-05-25 02:00:06 pages_printed=7034 pages_remaining=0 black_cartridge=1%
2008-05-26 02:00:05 pages_printed=7042 pages_remaining=0 black_cartridge=1%
2008-05-27 02:00:07 pages_printed=7064 pages_remaining=0 black_cartridge=1%
2008-05-28 02:00:05 pages_printed=7098 pages_remaining=0 black_cartridge=1%
2008-05-29 02:00:05 pages_printed=7118 pages_remaining=0 black_cartridge=1%
2008-05-30 02:00:06 pages_printed=7136 pages_remaining=0 black_cartridge=1%
2008-05-31 02:00:04 pages_printed=7088 pages_remaining=0 black_cartridge=1%
2008-06-01 02:00:07 pages_printed=7155 pages_remaining=0 black_cartridge=1%
2008-06-02 02:00:04 pages_printed=7214 pages_remaining=0 black_cartridge=1%
2008-06-03 02:00:08 pages_printed=7294 pages_remaining=0 black_cartridge=1%
2008-06-04 02:00:07 pages_printed=7332 pages_remaining=0 black_cartridge=1%
2008-06-05 02:00:07 pages_printed=7399 pages_remaining=0 black_cartridge=1%
2008-06-06 02:00:06 pages_printed=7400 pages_remaining=0 black_cartridge=1%
2008-06-07 02:00:06 pages_printed=7416 pages_remaining=0 black_cartridge=1%
2008-06-08 14:14:28 pages_printed=52 pages_remaining=6948 black_cartridge=100%
2008-06-09 02:00:04 pages_printed=100 pages_remaining=6900 black_cartridge=99%
2008-06-10 02:00:04 pages_printed=188 pages_remaining=6812 black_cartridge=97%
2008-06-11 02:00:04 pages_printed=202 pages_remaining=6798 black_cartridge=97%
2008-06-12 02:00:04 pages_printed=275 pages_remaining=6725 black_cartridge=96%
2008-06-13 02:00:06 pages_printed=318 pages_remaining=6682 black_cartridge=95%
2008-06-14 02:00:06 pages_printed=331 pages_remaining=6669 black_cartridge=95%
2008-06-15 02:00:06 pages_printed=385 pages_remaining=6615 black_cartridge=95%
2008-06-16 02:00:05 pages_printed=481 pages_remaining=6519 black_cartridge=93%
2008-06-17 02:00:05 pages_printed=497 pages_remaining=6503 black_cartridge=93%
2008-06-18 02:00:05 pages_printed=506 pages_remaining=6494 black_cartridge=93%
2008-06-19 02:00:04 pages_printed=529 pages_remaining=6471 black_cartridge=93%
2008-06-20 02:00:07 pages_printed=556 pages_remaining=6444 black_cartridge=92%
2008-06-21 02:00:07 pages_printed=588 pages_remaining=6412 black_cartridge=91%
2008-06-22 02:00:04 pages_printed=589 pages_remaining=6411 black_cartridge=91%
2008-06-23 02:00:04 pages_printed=642 pages_remaining=6358 black_cartridge=91%
2008-06-24 02:00:04 pages_printed=662 pages_remaining=6338 black_cartridge=90%
2008-06-25 02:00:04 pages_printed=720 pages_remaining=6280 black_cartridge=90%
2008-06-26 02:00:05 pages_printed=784 pages_remaining=6216 black_cartridge=89%
2008-06-27 02:00:04 pages_printed=844 pages_remaining=6156 black_cartridge=88%
2008-06-28 02:00:05 pages_printed=894 pages_remaining=6106 black_cartridge=87%
2008-06-29 02:00:06 pages_printed=908 pages_remaining=6092 black_cartridge=87%
2008-06-30 02:00:04 pages_printed=956 pages_remaining=6044 black_cartridge=86%
2008-07-01 02:00:05 pages_printed=1009 pages_remaining=5991 black_cartridge=85%
2008-07-02 02:00:04 pages_printed=1066 pages_remaining=5934 black_cartridge=85%
2008-07-03 02:00:05 pages_printed=1113 pages_remaining=5887 black_cartridge=84%
2008-07-04 02:00:07 pages_printed=1201 pages_remaining=5799 black_cartridge=83%
2008-07-05 02:00:05 pages_printed=1225 pages_remaining=5775 black_cartridge=83%
2008-07-06 02:00:04 pages_printed=1330 pages_remaining=5670 black_cartridge=81%
2008-07-07 02:00:06 pages_printed=1439 pages_remaining=5561 black_cartridge=79%
2008-07-08 02:00:07 pages_printed=1443 pages_remaining=5557 black_cartridge=79%
2008-07-09 02:00:05 pages_printed=1535 pages_remaining=5465 black_cartridge=78%
2008-07-10 02:00:06 pages_printed=1590 pages_remaining=5410 black_cartridge=76%
2008-07-11 02:00:04 pages_printed=1622 pages_remaining=5378 black_cartridge=76%
2008-07-12 02:00:04 pages_printed=1752 pages_remaining=4742 black_cartridge=74%
2008-07-13 02:00:04 pages_printed=1859 pages_remaining=4790 black_cartridge=73%
2008-07-14 02:00:05 pages_printed=1910 pages_remaining=4794 black_cartridge=72%
2008-07-15 02:00:05 pages_printed=1976 pages_remaining=4758 black_cartridge=71%
2008-07-16 02:00:03 pages_printed=2100 pages_remaining=4690 black_cartridge=70%
2008-07-17 02:00:06 pages_printed=2138 pages_remaining=4673 black_cartridge=69%
2008-07-18 02:00:05 pages_printed=2180 pages_remaining=4678 black_cartridge=69%
2008-07-19 02:00:04 pages_printed=2225 pages_remaining=4659 black_cartridge=68%
2008-07-20 02:00:07 pages_printed=2340 pages_remaining=4463 black_cartridge=66%
2008-07-21 02:00:04 pages_printed=2399 pages_remaining=4426 black_cartridge=65%
2008-07-22 02:00:07 pages_printed=2473 pages_remaining=4399 black_cartridge=65%
2008-07-23 02:00:05 pages_printed=2523 pages_remaining=4335 black_cartridge=64%
2008-07-24 02:00:04 pages_printed=2593 pages_remaining=4292 black_cartridge=63%
2008-07-25 02:00:07 pages_printed=2647 pages_remaining=3938 black_cartridge=60%
2008-07-26 02:00:03 pages_printed=2660 pages_remaining=3936 black_cartridge=60%
2008-07-27 02:00:05 pages_printed=2727 pages_remaining=3954 black_cartridge=60%
2008-07-28 02:00:06 pages_printed=2771 pages_remaining=3891 black_cartridge=59%
2008-07-29 02:00:06 pages_printed=2866 pages_remaining=3818 black_cartridge=58%
2008-07-30 02:00:05 pages_printed=2916 pages_remaining=3734 black_cartridge=57%
2008-07-31 02:00:05 pages_printed=2942 pages_remaining=3725 black_cartridge=56%
2008-08-01 02:00:04 pages_printed=3011 pages_remaining=3676 black_cartridge=55%
2008-08-02 02:00:06 pages_printed=3084 pages_remaining=3543 black_cartridge=54%
2008-08-03 02:00:03 pages_printed=3148 pages_remaining=3427 black_cartridge=53%
2008-08-04 02:00:06 pages_printed=3381 pages_remaining=3280 black_cartridge=50%
2008-08-05 02:00:07 pages_printed=3475 pages_remaining=3306 black_cartridge=49%
2008-08-06 02:00:04 pages_printed=3512 pages_remaining=3284 black_cartridge=49%
2008-08-07 02:00:09 pages_printed=3592 pages_remaining=3179 black_cartridge=47%
2008-08-08 02:00:05 pages_printed=3629 pages_remaining=3161 black_cartridge=47%
2008-08-09 02:00:06 pages_printed= pages_remaining= black_cartridge=
2008-08-10 02:00:07 pages_printed=3795 pages_remaining=3101 black_cartridge=45%
2008-08-11 02:00:06 pages_printed=3877 pages_remaining=3070 black_cartridge=45%
2008-08-12 02:00:06 pages_printed=3957 pages_remaining=3011 black_cartridge=44%
2008-08-13 02:00:05 pages_printed=4071 pages_remaining=2907 black_cartridge=42%
2008-08-14 02:00:05 pages_printed=4115 pages_remaining=2879 black_cartridge=42%
2008-08-15 02:00:06 pages_printed=4154 pages_remaining=2854 black_cartridge=41%
2008-08-16 02:00:07 pages_printed=4209 pages_remaining=2807 black_cartridge=41%
2008-08-17 02:00:05 pages_printed=4218 pages_remaining=2798 black_cartridge=40%
2008-08-18 02:00:05 pages_printed=4253 pages_remaining=2784 black_cartridge=40%
2008-08-19 02:00:03 pages_printed=4320 pages_remaining=2765 black_cartridge=40%
2008-08-20 02:00:03 pages_printed=4324 pages_remaining=2768 black_cartridge=40%
2008-08-21 02:00:04 pages_printed=4329 pages_remaining=2761 black_cartridge=39%
2008-08-22 02:00:04 pages_printed=4426 pages_remaining=2769 black_cartridge=39%
2008-08-23 02:00:05 pages_printed=4455 pages_remaining=2704 black_cartridge=38%
2008-08-24 02:00:03 pages_printed=4458 pages_remaining=2705 black_cartridge=38%
2008-08-25 02:00:07 pages_printed=4643 pages_remaining=2567 black_cartridge=36%
2008-08-26 02:00:04 pages_printed=4707 pages_remaining=2515 black_cartridge=35%
2008-08-27 02:00:05 pages_printed=4735 pages_remaining=2495 black_cartridge=35%
2008-08-28 02:00:05 pages_printed=4977 pages_remaining=2305 black_cartridge=32%
2008-08-29 02:00:07 pages_printed=5040 pages_remaining=2243 black_cartridge=31%
2008-08-30 02:00:03 pages_printed=5057 pages_remaining=2237 black_cartridge=31%
2008-08-31 02:00:06 pages_printed=5143 pages_remaining=2097 black_cartridge=29%
2008-09-01 02:00:07 pages_printed=5322 pages_remaining=1916 black_cartridge=27%
2008-09-02 02:00:04 pages_printed=5424 pages_remaining=1775 black_cartridge=25%
2008-09-03 02:00:07 pages_printed=5709 pages_remaining=1559 black_cartridge=22%
2008-09-04 02:00:06 pages_printed=5969 pages_remaining=1291 black_cartridge=18%
2008-09-05 02:00:05 pages_printed=6029 pages_remaining=1243 black_cartridge=18%
2008-09-06 02:00:08 pages_printed=6107 pages_remaining=1107 black_cartridge=16%
2008-09-07 02:00:04 pages_printed=6166 pages_remaining=988 black_cartridge=14%
2008-09-08 02:00:04 pages_printed=6319 pages_remaining=832 black_cartridge=12%
2008-09-09 02:00:24 pages_printed=6485 pages_remaining=566 black_cartridge=9%
2008-09-10 02:00:08 pages_printed=6598 pages_remaining=430 black_cartridge=7%
2008-09-11 02:00:09 pages_printed=6735 pages_remaining=296 black_cartridge=5%
2008-09-12 02:00:05 pages_printed=6822 pages_remaining=226 black_cartridge=4%
2008-09-13 02:00:09 pages_printed=6880 pages_remaining=123 black_cartridge=2%
2008-09-14 02:00:04 pages_printed=6961 pages_remaining=0 black_cartridge=1%
2008-09-15 02:00:04 pages_printed=7165 pages_remaining=0 black_cartridge=1%
2008-09-16 02:00:04 pages_printed=7377 pages_remaining=0 black_cartridge=1%
2008-09-17 02:00:08 pages_printed=7724 pages_remaining=0 black_cartridge=1%
2008-09-18 02:00:05 pages_printed=7871 pages_remaining=0 black_cartridge=1%
2008-09-19 02:00:04 pages_printed= pages_remaining= black_cartridge=Cartridge*
2008-09-20 02:00:06 pages_printed=13 pages_remaining=6987 black_cartridge=100%
2008-09-21 02:00:04 pages_printed=183 pages_remaining=6817 black_cartridge=95%
2008-09-22 02:00:05 pages_printed=683 pages_remaining=6317 black_cartridge=88%
2008-09-23 02:00:05 pages_printed=926 pages_remaining=6074 black_cartridge=84%
2008-09-24 02:00:02 pages_printed=1041 pages_remaining=5959 black_cartridge=83%
2008-09-25 02:00:09 pages_printed=1340 pages_remaining=5660 black_cartridge=79%
2008-09-26 02:00:03 pages_printed=1611 pages_remaining=4762 black_cartridge=75%
2008-09-27 02:00:04 pages_printed=1680 pages_remaining=4742 black_cartridge=74%
2008-09-28 02:00:02 pages_printed=1771 pages_remaining=4709 black_cartridge=73%
2008-09-29 02:00:05 pages_printed=1897 pages_remaining=4589 black_cartridge=71%
2008-09-30 02:00:03 pages_printed=2027 pages_remaining=4319 black_cartridge=69%
2008-10-01 02:00:05 pages_printed=2128 pages_remaining=4274 black_cartridge=67%
2008-10-02 02:00:06 pages_printed=2410 pages_remaining=4045 black_cartridge=63%
2008-10-03 02:00:06 pages_printed=2630 pages_remaining=3809 black_cartridge=60%
2008-10-04 02:00:04 pages_printed=2725 pages_remaining=3728 black_cartridge=58%
2008-10-05 02:00:05 pages_printed=2764 pages_remaining=3688 black_cartridge=58%
2008-10-06 02:00:05 pages_printed=2868 pages_remaining=3633 black_cartridge=56%
2008-10-07 02:00:05 pages_printed=3073 pages_remaining=3437 black_cartridge=53%
2008-10-08 02:00:08 pages_printed=3347 pages_remaining=3077 black_cartridge=48%
2008-10-09 02:00:04 pages_printed=3450 pages_remaining=2957 black_cartridge=47%
2008-10-10 02:00:04 pages_printed=3642 pages_remaining=2778 black_cartridge=44%
2008-10-11 02:00:04 pages_printed=3741 pages_remaining=2731 black_cartridge=43%
2008-10-12 02:00:05 pages_printed=3899 pages_remaining=2514 black_cartridge=40%
2008-10-13 02:00:05 pages_printed=4369 pages_remaining=1724 black_cartridge=29%
2008-10-14 02:00:04 pages_printed=4586 pages_remaining=1498 black_cartridge=25%
2008-10-15 02:00:05 pages_printed=4678 pages_remaining=1435 black_cartridge=24%
2008-10-16 02:00:08 pages_printed=4866 pages_remaining=1254 black_cartridge=21%
2008-10-17 02:00:03 pages_printed= pages_remaining= black_cartridge=Cartridge*
2008-10-18 02:00:04 pages_printed= pages_remaining= black_cartridge=Cartridge*
2008-10-19 02:00:07 pages_printed= pages_remaining= black_cartridge=Cartridge*
2008-10-20 02:00:05 pages_printed=28 pages_remaining=6972 black_cartridge=100%
2008-10-21 02:00:05 pages_printed=293 pages_remaining=6707 black_cartridge=98%
2008-10-22 02:00:05 pages_printed=394 pages_remaining=6606 black_cartridge=96%
2008-10-23 02:00:05 pages_printed=568 pages_remaining=6432 black_cartridge=93%
2008-10-24 02:00:05 pages_printed=771 pages_remaining=6229 black_cartridge=91%
2008-10-25 02:00:05 pages_printed=979 pages_remaining=6021 black_cartridge=86%
2008-10-26 02:00:05 pages_printed=1018 pages_remaining=5982 black_cartridge=86%
2008-10-27 02:00:05 pages_printed=1138 pages_remaining=5862 black_cartridge=84%
2008-10-28 02:00:06 pages_printed=1356 pages_remaining=5644 black_cartridge=81%
2008-10-29 02:00:08 pages_printed= pages_remaining= black_cartridge=Cartridge
2008-10-30 02:00:05 pages_printed=1597 pages_remaining=4649 black_cartridge=75%
2008-10-31 02:00:07 pages_printed=1749 pages_remaining=4338 black_cartridge=72%
2008-11-01 02:00:06 pages_printed=1794 pages_remaining=4319 black_cartridge=71%
2008-11-02 02:00:06 pages_printed=1995 pages_remaining=3972 black_cartridge=67%
2009-02-09 19:46:34 black_cartridge=100% pages_printed=8 pages_remaining=6992
2009-02-10 02:00:08 black_cartridge=100% pages_printed=70 pages_remaining=6930
2009-02-11 02:00:04 black_cartridge=99% pages_printed=122 pages_remaining=6878
2009-02-12 02:00:02 black_cartridge=97% pages_printed=287 pages_remaining=6713
2009-02-13 02:00:05 black_cartridge=95% pages_printed=416 pages_remaining=6584
2009-02-14 02:00:03 black_cartridge=92% pages_printed=524 pages_remaining=6476
2009-02-15 02:00:02 black_cartridge=90% pages_printed=643 pages_remaining=6357
2009-02-16 02:00:04 black_cartridge=89% pages_printed=746 pages_remaining=6254
2009-02-17 02:00:04 black_cartridge=85% pages_printed=1000 pages_remaining=6000
2009-02-18 02:00:04 black_cartridge=82% pages_printed=1214 pages_remaining=5786
2009-02-19 02:00:04 black_cartridge=77% pages_printed=1413 pages_remaining=5587
2009-02-20 02:00:07 black_cartridge=76% pages_printed=1579 pages_remaining=5421
2009-02-21 02:00:02 black_cartridge=75% pages_printed=1649 pages_remaining=4813
2009-02-22 02:00:03 black_cartridge=73% pages_printed=1731 pages_remaining=4637
2009-02-23 02:00:04 black_cartridge=69% pages_printed=2027 pages_remaining=4383
2009-02-24 02:00:03 black_cartridge=65% pages_printed=2287 pages_remaining=4217
2009-02-25 02:00:04 black_cartridge=56% pages_printed=2704 pages_remaining=3418
2009-02-26 02:00:05 black_cartridge=54% pages_printed=2779 pages_remaining=3232
2009-02-27 02:00:02 black_cartridge=50% pages_printed=3081 pages_remaining=3047
2009-02-28 02:00:05 black_cartridge=49% pages_printed=3176 pages_remaining=2969
2009-03-01 02:00:04 black_cartridge=42% pages_printed=3572 pages_remaining=2503
2009-03-02 02:00:05 black_cartridge=38% pages_printed=3802 pages_remaining=2257
2009-03-03 02:00:06 black_cartridge=36% pages_printed=3963 pages_remaining=2187
2009-03-04 02:00:08 black_cartridge=33% pages_printed=4120 pages_remaining=2003
2009-03-05 02:00:05 black_cartridge=31% pages_printed=4298 pages_remaining=1863
2009-03-06 02:00:05 black_cartridge=29% pages_printed=4468 pages_remaining=1749
2009-03-09 02:00:06 black_cartridge=98% pages_printed=136 pages_remaining=6864
2009-03-10 02:00:06 black_cartridge=92% pages_printed=361 pages_remaining=6639
2009-03-11 02:00:03 black_cartridge=91% pages_printed=456 pages_remaining=6544
2009-03-12 02:00:04 black_cartridge=89% pages_printed=579 pages_remaining=6421
2009-03-13 02:00:10 black_cartridge=88% pages_printed=661 pages_remaining=6339
2009-03-14 02:00:04 black_cartridge=84% pages_printed=741 pages_remaining=6259
2009-03-15 02:00:03 black_cartridge=81% pages_printed=788 pages_remaining=6212
2009-03-16 02:00:02 black_cartridge=79% pages_printed=884 pages_remaining=6116
2009-03-17 02:00:01 black_cartridge=77% pages_printed=1022 pages_remaining=5978
2009-03-18 02:00:03 black_cartridge=74% pages_printed=1169 pages_remaining=3191
2009-03-19 02:00:05 black_cartridge=70% pages_printed=1415 pages_remaining=3282
2009-03-20 02:00:03 black_cartridge=69% pages_printed=1579 pages_remaining=3410
2009-03-21 02:00:02 black_cartridge=67% pages_printed=1702 pages_remaining=3405
2009-03-22 02:00:03 black_cartridge=67% pages_printed=1710 pages_remaining=3407
2009-03-23 02:00:04 black_cartridge=63% pages_printed=1779 pages_remaining=2931
2009-03-24 02:00:06 black_cartridge=60% pages_printed=1819 pages_remaining=2663
2009-03-25 02:00:05 black_cartridge=60% pages_printed=1838 pages_remaining=2656
2009-03-26 02:00:02 black_cartridge=58% pages_printed=1934 pages_remaining=2578
2009-03-27 02:00:02 black_cartridge=58% pages_printed=1942 pages_remaining=2577
2009-03-28 02:00:01 black_cartridge=58% pages_printed=1942 pages_remaining=2577
2009-03-29 02:00:04 black_cartridge=54% pages_printed=2027 pages_remaining=2333
2009-03-30 02:00:03 black_cartridge=51% pages_printed=2123 pages_remaining=2186
2009-03-31 02:00:02 black_cartridge=50% pages_printed=2262 pages_remaining=2194
2009-04-01 02:00:05 black_cartridge=48% pages_printed=2369 pages_remaining=2118
2009-04-02 02:00:04 black_cartridge=42% pages_printed=2585 pages_remaining=1865
2009-04-03 02:00:01 black_cartridge=38% pages_printed=2857 pages_remaining=1744
2009-04-04 02:00:04 black_cartridge=37% pages_printed=2915 pages_remaining=1670
2009-04-05 02:00:03 black_cartridge=36% pages_printed=2947 pages_remaining=1649
2009-04-06 02:00:02 black_cartridge=34% pages_printed=3123 pages_remaining=1546
2009-04-07 02:00:03 black_cartridge=32% pages_printed=3260 pages_remaining=1485
2009-04-08 02:00:05 black_cartridge=31% pages_printed=3358 pages_remaining=1471
2009-04-09 02:00:04 black_cartridge=30% pages_printed=3444 pages_remaining=1442
2009-04-10 02:00:04 black_cartridge=27% pages_printed=3623 pages_remaining=1333
2009-04-11 02:00:04 black_cartridge=25% pages_printed=3755 pages_remaining=1227
2009-04-12 02:00:08 black_cartridge=24% pages_printed=3848 pages_remaining=1169
2009-04-13 02:00:03 black_cartridge=20% pages_printed=4112 pages_remaining=978
2009-04-14 02:00:06 black_cartridge=17% pages_printed=4290 pages_remaining=837
2009-04-15 02:00:03 black_cartridge=15% pages_printed=4432 pages_remaining=740
2009-04-16 02:00:05 black_cartridge=13% pages_printed=4573 pages_remaining=651
2009-04-17 02:00:07 black_cartridge=10% pages_printed=4750 pages_remaining=510
2009-04-18 02:00:05 black_cartridge=9% pages_printed=4802 pages_remaining=457
2009-04-19 02:00:03 black_cartridge=5% pages_printed=4988 pages_remaining=261
2009-04-20 02:00:02 black_cartridge=3% pages_printed=5069 pages_remaining=155
2009-04-21 02:00:03 black_cartridge=3% pages_printed=5107 pages_remaining=133
2009-04-22 02:00:03 black_cartridge=3% pages_printed=5132 pages_remaining=122
2009-04-29 02:00:05 black_cartridge=28% pages_printed=4539 pages_remaining=1750
2009-05-01 02:00:04 black_cartridge=25% pages_printed=4714 pages_remaining=1524
2009-05-02 02:00:04 black_cartridge=24% pages_printed=4784 pages_remaining=1464
2009-05-03 02:00:03 black_cartridge=22% pages_printed=4860 pages_remaining=1334
2009-05-04 02:00:05 black_cartridge=20% pages_printed=4987 pages_remaining=1235
2009-05-05 02:00:04 black_cartridge=19% pages_printed=5074 pages_remaining=1169
2009-05-06 02:00:05 black_cartridge=18% pages_printed=5174 pages_remaining=1081
2009-05-07 02:00:03 black_cartridge=99% pages_printed=83 pages_remaining=6917
2009-05-08 02:00:07 black_cartridge=94% pages_printed=386 pages_remaining=6614
2009-05-09 02:00:03 black_cartridge=91% pages_printed=564 pages_remaining=6436
2009-05-10 02:00:04 black_cartridge=90% pages_printed=609 pages_remaining=6391
2009-05-12 02:00:07 black_cartridge=84% pages_printed=944 pages_remaining=6056
2009-05-13 02:00:03 black_cartridge=83% pages_printed=1080 pages_remaining=5920
2009-05-14 02:00:05 black_cartridge=80% pages_printed=1288 pages_remaining=5712
2009-05-15 02:00:03 black_cartridge=77% pages_printed=1510 pages_remaining=5490
2009-05-16 02:00:02 black_cartridge=74% pages_printed=1692 pages_remaining=4739
2009-05-17 02:00:05 black_cartridge=73% pages_printed=1762 pages_remaining=4674
2009-05-18 02:00:04 black_cartridge=71% pages_printed=1886 pages_remaining=4463
2009-05-19 02:00:01 black_cartridge=70% pages_printed=1962 pages_remaining=4453
2009-05-20 02:00:02 black_cartridge=68% pages_printed=2099 pages_remaining=4395
2009-05-21 02:00:04 black_cartridge=66% pages_printed=2218 pages_remaining=4280
2009-05-22 02:00:02 black_cartridge=66% pages_printed=2253 pages_remaining=4285
2009-05-23 02:00:03 black_cartridge=65% pages_printed=2376 pages_remaining=4342
2009-05-24 02:00:05 black_cartridge=64% pages_printed=2501 pages_remaining=4289
2009-05-25 02:00:04 black_cartridge=62% pages_printed=2617 pages_remaining=4147
2009-05-26 02:00:06 black_cartridge=61% pages_printed=2696 pages_remaining=4114
2009-05-27 02:00:02 black_cartridge=60% pages_printed=2791 pages_remaining=4093
2009-05-28 02:00:04 black_cartridge=60% pages_printed=2803 pages_remaining=4085
2009-05-29 02:00:07 black_cartridge=58% pages_printed=2938 pages_remaining=3940
2009-05-30 02:00:02 black_cartridge=57% pages_printed=3006 pages_remaining=3880
2009-05-31 02:00:08 black_cartridge=57% pages_printed=3007 pages_remaining=3880
2009-06-01 02:00:03 black_cartridge=57% pages_printed=3022 pages_remaining=3889
2009-06-02 02:00:02 black_cartridge=56% pages_printed=3056 pages_remaining=3843
2009-06-03 02:00:03 black_cartridge=56% pages_printed=3071 pages_remaining=3835
2009-06-04 02:00:02 black_cartridge=55% pages_printed=3130 pages_remaining=3772
2009-06-05 02:00:15 black_cartridge=50% pages_printed=3419 pages_remaining=3329
2009-06-06 02:00:03 black_cartridge=50% pages_printed=3463 pages_remaining=3329
2009-06-07 02:00:02 black_cartridge=49% pages_printed=3519 pages_remaining=3261
2009-06-08 02:00:02 black_cartridge=48% pages_printed=3544 pages_remaining=3233
2009-06-09 02:00:02 black_cartridge=48% pages_printed=3553 pages_remaining=3217
2009-06-10 02:00:02 black_cartridge=45% pages_printed=3720 pages_remaining=3039
2009-06-11 02:00:02 black_cartridge=45% pages_printed=3734 pages_remaining=3018
2009-06-12 02:00:02 black_cartridge=45% pages_printed=3737 pages_remaining=3017
2009-06-13 02:00:02 black_cartridge=45% pages_printed=3738 pages_remaining=3018
2009-06-14 02:00:03 black_cartridge=45% pages_printed=3756 pages_remaining=3015
2009-06-15 02:00:02 black_cartridge=44% pages_printed=3870 pages_remaining=2934
2009-06-16 02:00:03 black_cartridge=42% pages_printed=3996 pages_remaining=2851
2009-06-17 02:00:04 black_cartridge=42% pages_printed=4006 pages_remaining=2852
2009-06-18 02:00:02 black_cartridge=40% pages_printed=4154 pages_remaining=2728
2009-06-19 02:00:03 black_cartridge=40% pages_printed=4194 pages_remaining=2716
2009-06-20 02:00:05 black_cartridge=39% pages_printed=4271 pages_remaining=2694
2009-06-21 02:00:06 black_cartridge=39% pages_printed=4282 pages_remaining=2680
2009-06-22 02:00:01 black_cartridge=39% pages_printed=4319 pages_remaining=2649
2009-06-23 02:00:02 black_cartridge=38% pages_printed=4354 pages_remaining=2602
2009-06-24 02:00:07 black_cartridge=36% pages_printed=4516 pages_remaining=2435
2009-06-25 02:00:06 black_cartridge=34% pages_printed=4619 pages_remaining=2304
2009-06-26 02:00:06 black_cartridge=33% pages_printed=4725 pages_remaining=2243
2009-06-27 02:00:06 black_cartridge=32% pages_printed=4740 pages_remaining=2173
2009-06-28 02:00:02 black_cartridge=32% pages_printed=4743 pages_remaining=2173
2009-06-29 02:00:04 black_cartridge=31% pages_printed=4802 pages_remaining=2114
2009-06-30 02:00:04 black_cartridge=29% pages_printed=4970 pages_remaining=1988
2009-07-01 02:00:06 black_cartridge=29% pages_printed=5014 pages_remaining=1959
2009-07-02 02:00:03 black_cartridge=28% pages_printed=5064 pages_remaining=1880
2009-07-03 02:00:04 black_cartridge=27% pages_printed=5099 pages_remaining=1842
2009-07-04 02:00:02 black_cartridge=27% pages_printed=5109 pages_remaining=1836
2009-07-05 02:00:03 black_cartridge=27% pages_printed=5109 pages_remaining=1836
2009-07-06 02:00:01 black_cartridge=27% pages_printed=5135 pages_remaining=1815
2009-07-07 02:00:04 black_cartridge=26% pages_printed=5152 pages_remaining=1799
2009-07-08 02:00:05 black_cartridge=26% pages_printed=5186 pages_remaining=1771
2009-07-09 02:00:07 black_cartridge=25% pages_printed=5244 pages_remaining=1713
2009-07-10 02:00:03 black_cartridge=24% pages_printed=5291 pages_remaining=1663
2009-07-11 02:00:05 black_cartridge=24% pages_printed=5370 pages_remaining=1630
2009-07-12 02:00:04 black_cartridge=24% pages_printed=5375 pages_remaining=1627
2009-07-13 02:00:03 black_cartridge=23% pages_printed=5428 pages_remaining=1556
2009-07-14 02:00:02 black_cartridge=21% pages_printed=5573 pages_remaining=1433
2009-07-15 02:00:04 black_cartridge=19% pages_printed=5725 pages_remaining=1327
2009-07-16 02:00:08 black_cartridge=18% pages_printed=5793 pages_remaining=1263
2009-07-17 02:00:02 black_cartridge=18% pages_printed=5801 pages_remaining=1238
2009-07-18 02:00:03 black_cartridge=18% pages_printed=5837 pages_remaining=1204
2009-07-20 02:00:02 black_cartridge=15% pages_printed=6012 pages_remaining=982
2009-07-22 02:00:01 black_cartridge=96% pages_printed=401 pages_remaining=6599
2009-07-23 02:00:02 black_cartridge=95% pages_printed=486 pages_remaining=6514
2009-07-24 02:00:02 black_cartridge=94% pages_printed=593 pages_remaining=6407
2009-07-25 02:00:02 black_cartridge=94% pages_printed=601 pages_remaining=6399
2009-07-26 02:00:02 black_cartridge=93% pages_printed=644 pages_remaining=6356
2009-07-27 02:00:02 black_cartridge=92% pages_printed=691 pages_remaining=6309
2009-07-28 02:00:02 black_cartridge=91% pages_printed=786 pages_remaining=6214
2009-07-29 02:00:03 black_cartridge=90% pages_printed=849 pages_remaining=6151
2009-07-30 02:00:02 black_cartridge=90% pages_printed=867 pages_remaining=6133
2009-07-31 02:00:02 black_cartridge=89% pages_printed=951 pages_remaining=6049
2009-08-01 02:00:02 black_cartridge=88% pages_printed=990 pages_remaining=6010
2009-08-02 02:00:06 black_cartridge=88% pages_printed=1018 pages_remaining=5982
2009-08-03 02:00:03 black_cartridge=87% pages_printed=1095 pages_remaining=5905
2009-08-04 02:00:04 black_cartridge=87% pages_printed=1108 pages_remaining=5892
2009-08-05 02:00:03 black_cartridge=87% pages_printed=1130 pages_remaining=5870
2009-08-07 02:00:01 black_cartridge=86% pages_printed=1195 pages_remaining=5805
2009-08-08 02:00:02 black_cartridge=85% pages_printed=1215 pages_remaining=5785
2009-08-09 02:00:03 black_cartridge=85% pages_printed=1270 pages_remaining=5730
2009-08-10 02:00:03 black_cartridge=84% pages_printed=1367 pages_remaining=5633
2009-08-11 02:00:03 black_cartridge=83% pages_printed=1415 pages_remaining=5585
2009-08-12 02:00:02 black_cartridge=82% pages_printed=1438 pages_remaining=5562
2009-08-13 02:00:01 black_cartridge=82% pages_printed=1454 pages_remaining=5546
2009-08-14 02:00:03 black_cartridge=82% pages_printed=1471 pages_remaining=5529
2009-08-15 02:00:04 black_cartridge=82% pages_printed=1474 pages_remaining=5526
2009-08-16 02:00:03 black_cartridge=82% pages_printed=1491 pages_remaining=5509
2009-08-17 02:00:02 black_cartridge=82% pages_printed=1506 pages_remaining=5494
2009-08-18 02:00:01 black_cartridge=80% pages_printed=1596 pages_remaining=5404
2009-08-19 02:00:01 black_cartridge=80% pages_printed=1634 pages_remaining=5366
2009-08-20 02:00:02 black_cartridge=78% pages_printed=1753 pages_remaining=5247
2009-08-21 02:00:02 black_cartridge=77% pages_printed=1776 pages_remaining=5224
2009-08-22 02:00:02 black_cartridge=77% pages_printed=1800 pages_remaining=5200
2009-08-23 02:00:02 black_cartridge=77% pages_printed=1803 pages_remaining=5197
2009-08-24 02:00:03 black_cartridge=76% pages_printed=1917 pages_remaining=5083
2009-08-25 02:00:02 black_cartridge=75% pages_printed=1952 pages_remaining=5824
2009-08-26 02:00:02 black_cartridge=74% pages_printed=2045 pages_remaining=5707
2009-08-27 02:00:03 black_cartridge=72% pages_printed=2161 pages_remaining=5495
2009-08-28 02:00:03 black_cartridge=72% pages_printed=2199 pages_remaining=5418
2009-08-29 02:00:02 black_cartridge=71% pages_printed=2221 pages_remaining=5406
2009-09-08 02:00:04 black_cartridge=52% pages_printed=3486 pages_remaining=3659
2009-09-09 02:00:03 black_cartridge=50% pages_printed=3624 pages_remaining=3608
2009-09-10 02:00:02 black_cartridge=47% pages_printed=3740 pages_remaining=3309
2009-09-11 02:00:04 black_cartridge=47% pages_printed=3794 pages_remaining=3274
2009-09-12 02:00:02 black_cartridge=46% pages_printed=3878 pages_remaining=3222
2009-09-13 02:00:02 black_cartridge=45% pages_printed=3919 pages_remaining=3099
2009-09-15 02:00:02 black_cartridge=39% pages_printed=4168 pages_remaining=2634
2009-09-25 02:00:02 black_cartridge=23% pages_printed=4950 pages_remaining=1461
2009-09-26 02:00:02 black_cartridge=22% pages_printed=5053 pages_remaining=1386
2009-09-27 02:00:02 black_cartridge=22% pages_printed=5100 pages_remaining=1362
2009-09-28 02:00:01 black_cartridge=21% pages_printed=5118 pages_remaining=1354
2009-09-29 02:00:02 black_cartridge=17% pages_printed=5242 pages_remaining=1064
2009-09-30 02:00:02 black_cartridge=12% pages_printed=5418 pages_remaining=682
2009-10-01 02:00:02 black_cartridge=10% pages_printed=5560 pages_remaining=559
2009-10-02 02:00:01 black_cartridge=14% pages_printed=6087 pages_remaining=926
2009-10-03 02:00:03 black_cartridge=13% pages_printed=6176 pages_remaining=855
2009-10-04 02:00:02 black_cartridge=12% pages_printed=6221 pages_remaining=825
2009-10-05 02:00:03 black_cartridge=7% pages_printed=6421 pages_remaining=416
2009-10-06 02:00:02 black_cartridge=6% pages_printed=6527 pages_remaining=349
2009-10-07 02:00:01 black_cartridge=1% pages_printed=6691 pages_remaining=0
2009-10-08 02:00:01 black_cartridge=1% pages_printed=6732 pages_remaining=0
2009-10-09 02:00:03 black_cartridge=1% pages_printed=6818 pages_remaining=0
2009-10-10 02:00:02 black_cartridge=1% pages_printed=6862 pages_remaining=0
2009-10-11 02:00:02 black_cartridge=1% pages_printed=6864 pages_remaining=0
2009-10-12 02:00:02 black_cartridge=1% pages_printed=7073 pages_remaining=0
2009-10-13 02:00:02 black_cartridge=1% pages_printed=7188 pages_remaining=0
2009-10-14 02:00:03 black_cartridge=1% pages_printed=7225 pages_remaining=0
2009-10-15 02:00:02 black_cartridge=1% pages_printed=7315 pages_remaining=0
2009-10-16 02:00:02 black_cartridge=1% pages_printed=7443 pages_remaining=0
2009-10-17 02:00:02 black_cartridge=1% pages_printed=7528 pages_remaining=0
2009-10-18 02:00:02 black_cartridge=1% pages_printed=7565 pages_remaining=0
2009-10-19 02:00:03 black_cartridge=1% pages_printed=7629 pages_remaining=0
2009-10-20 02:00:06 black_cartridge=1% pages_printed=7779 pages_remaining=0
2009-10-21 02:00:02 black_cartridge=1% pages_printed=7869 pages_remaining=0
2009-10-27 02:00:02 black_cartridge=100% pages_printed=24 pages_remaining=6976
2009-10-28 02:00:02 black_cartridge=95% pages_printed=194 pages_remaining=6806
2009-10-29 02:00:02 black_cartridge=94% pages_printed=296 pages_remaining=6704
2009-10-30 02:00:03 black_cartridge=94% pages_printed=342 pages_remaining=6658
2009-10-31 02:00:04 black_cartridge=89% pages_printed=428 pages_remaining=6572
2009-11-01 02:00:03 black_cartridge=89% pages_printed=448 pages_remaining=6552
2009-12-12 02:00:03 black_cartridge=45% pages_printed=3551 pages_remaining=2801
2009-12-13 02:00:02 black_cartridge=44% pages_printed=3575 pages_remaining=2796
2009-12-14 02:00:02 black_cartridge=44% pages_printed=3603 pages_remaining=2782
2009-12-15 02:00:03 black_cartridge=38% pages_printed=3907 pages_remaining=2339
2009-12-16 02:00:02 black_cartridge=35% pages_printed=4126 pages_remaining=2182
2009-12-17 02:00:03 black_cartridge=32% pages_printed=4285 pages_remaining=2003
2009-12-18 02:00:02 black_cartridge=31% pages_printed=4368 pages_remaining=1934
2009-12-19 02:00:03 black_cartridge=31% pages_printed=4403 pages_remaining=1902
2009-12-20 02:00:02 black_cartridge=30% pages_printed=4413 pages_remaining=1890
2009-12-21 02:00:02 black_cartridge=30% pages_printed=4437 pages_remaining=1881
2009-12-22 02:00:03 black_cartridge=30% pages_printed=4447 pages_remaining=1874
2009-12-23 02:00:03 black_cartridge=30% pages_printed=4448 pages_remaining=1873
2009-12-24 02:00:03 black_cartridge=30% pages_printed=4453 pages_remaining=1872
2009-12-25 02:00:02 black_cartridge=30% pages_printed=4464 pages_remaining=1861
2009-12-26 02:00:03 black_cartridge=29% pages_printed=4488 pages_remaining=1830
2009-12-27 02:00:02 black_cartridge=29% pages_printed=4488 pages_remaining=1830
2009-12-28 02:00:02 black_cartridge=29% pages_printed=4492 pages_remaining=1829
2009-12-29 02:00:02 black_cartridge=29% pages_printed=4494 pages_remaining=1826
2009-12-30 02:00:01 black_cartridge=29% pages_printed=4494 pages_remaining=1826
2009-12-31 02:00:03 black_cartridge=29% pages_printed=4496 pages_remaining=1825
2010-01-01 02:00:02 black_cartridge=29% pages_printed=4500 pages_remaining=1824
2010-01-02 02:00:03 black_cartridge=29% pages_printed=4500 pages_remaining=1824
2010-01-03 02:00:03 black_cartridge=29% pages_printed=4500 pages_remaining=1824
2010-01-04 02:00:02 black_cartridge=29% pages_printed=4500 pages_remaining=1824
2010-01-05 02:00:02 black_cartridge=29% pages_printed=4508 pages_remaining=1812
2010-01-06 02:00:03 black_cartridge=29% pages_printed=4508 pages_remaining=1812
2010-01-07 02:00:02 black_cartridge=29% pages_printed=4508 pages_remaining=1812
2010-01-08 02:00:02 black_cartridge=29% pages_printed=4508 pages_remaining=1812
2010-01-09 02:00:03 black_cartridge=29% pages_printed=4508 pages_remaining=1812
2010-01-10 02:00:02 black_cartridge=29% pages_printed=4512 pages_remaining=1807
2010-01-11 02:00:03 black_cartridge=29% pages_printed=4536 pages_remaining=1793
2010-01-12 02:00:03 black_cartridge=29% pages_printed=4543 pages_remaining=1787
2010-01-13 02:00:03 black_cartridge=28% pages_printed=4570 pages_remaining=1756
2010-01-14 02:00:03 black_cartridge=27% pages_printed=4660 pages_remaining=1669
2010-01-15 02:00:02 black_cartridge=26% pages_printed=4693 pages_remaining=1621
2010-01-16 02:00:02 black_cartridge=25% pages_printed=4765 pages_remaining=1525
2010-01-17 02:00:03 black_cartridge=21% pages_printed=4926 pages_remaining=1303
2010-01-18 02:00:03 black_cartridge=21% pages_printed=4936 pages_remaining=1298
2010-01-19 02:00:03 black_cartridge=18% pages_printed=5182 pages_remaining=1120
2010-01-20 02:00:02 black_cartridge=17% pages_printed=5261 pages_remaining=1051
2010-01-21 02:00:03 black_cartridge=17% pages_printed=5290 pages_remaining=1025
2010-01-22 02:00:03 black_cartridge=16% pages_printed=5322 pages_remaining=989
2010-01-23 02:00:03 black_cartridge=16% pages_printed=5336 pages_remaining=981
2010-01-24 02:00:03 black_cartridge=16% pages_printed=5385 pages_remaining=959
2010-01-25 02:00:03 black_cartridge=13% pages_printed=5512 pages_remaining=812
2010-01-26 02:00:03 black_cartridge=12% pages_printed=5605 pages_remaining=714
2010-01-27 02:00:02 black_cartridge=6% pages_printed=5843 pages_remaining=340
2010-01-28 02:00:02 black_cartridge=1% pages_printed=6094 pages_remaining=0
2010-01-29 02:00:02 black_cartridge=1% pages_printed=6206 pages_remaining=0
2010-01-30 02:00:01 black_cartridge=1% pages_printed=6210 pages_remaining=0
2010-01-31 02:00:02 black_cartridge=1% pages_printed=6324 pages_remaining=0
2010-02-01 02:00:02 black_cartridge=1% pages_printed=6433 pages_remaining=0
2010-02-02 02:00:02 black_cartridge=16% pages_printed=5318 pages_remaining=959
2010-02-03 02:00:02 black_cartridge=15% pages_printed=5422 pages_remaining=905
2010-02-04 02:00:02 black_cartridge=100% pages_printed=32 pages_remaining=6968
2010-02-05 02:00:03 black_cartridge=97% pages_printed=215 pages_remaining=6785
2010-02-06 02:00:03 black_cartridge=96% pages_printed=279 pages_remaining=6721
2010-02-07 02:00:03 black_cartridge=96% pages_printed=286 pages_remaining=6714
2010-02-08 02:00:03 black_cartridge=94% pages_printed=397 pages_remaining=6603
2010-02-09 02:00:01 black_cartridge=90% pages_printed=643 pages_remaining=6357
2010-02-10 02:00:02 black_cartridge=89% pages_printed=762 pages_remaining=6238
2010-02-11 02:00:03 black_cartridge=87% pages_printed=878 pages_remaining=6122
2010-02-12 02:00:03 black_cartridge=86% pages_printed=920 pages_remaining=6080
2010-02-13 02:00:03 black_cartridge=86% pages_printed=928 pages_remaining=6072
